mode: set
github.com/filipeandrade6/framer-processor/adapters/message/awssqs/sqs.go:19.33,21.16 2 0
github.com/filipeandrade6/framer-processor/adapters/message/awssqs/sqs.go:21.16,23.3 1 0
github.com/filipeandrade6/framer-processor/adapters/message/awssqs/sqs.go:24.2,26.51 2 0
github.com/filipeandrade6/framer-processor/adapters/message/awssqs/sqs.go:29.66,35.16 2 0
github.com/filipeandrade6/framer-processor/adapters/message/awssqs/sqs.go:35.16,37.3 1 0
github.com/filipeandrade6/framer-processor/adapters/message/awssqs/sqs.go:39.2,39.12 1 0
github.com/filipeandrade6/framer-processor/main.go:13.13,15.16 2 0
github.com/filipeandrade6/framer-processor/main.go:15.16,17.3 1 0
github.com/filipeandrade6/framer-processor/main.go:19.2,20.16 2 0
github.com/filipeandrade6/framer-processor/main.go:20.16,22.3 1 0
github.com/filipeandrade6/framer-processor/main.go:24.2,27.51 3 0
github.com/filipeandrade6/framer-processor/adapters/framer/ffmpeg.go:10.27,12.2 1 0
github.com/filipeandrade6/framer-processor/adapters/framer/ffmpeg.go:14.84,16.16 2 0
github.com/filipeandrade6/framer-processor/adapters/framer/ffmpeg.go:16.16,18.3 1 0
github.com/filipeandrade6/framer-processor/adapters/framer/ffmpeg.go:20.2,20.12 1 0
github.com/filipeandrade6/framer-processor/adapters/storage/awss3/s3.go:19.32,21.16 2 0
github.com/filipeandrade6/framer-processor/adapters/storage/awss3/s3.go:21.16,23.3 1 0
github.com/filipeandrade6/framer-processor/adapters/storage/awss3/s3.go:24.2,26.29 2 0
github.com/filipeandrade6/framer-processor/adapters/storage/awss3/s3.go:29.89,34.16 2 0
github.com/filipeandrade6/framer-processor/adapters/storage/awss3/s3.go:34.16,36.3 1 0
github.com/filipeandrade6/framer-processor/adapters/storage/awss3/s3.go:38.2,38.25 1 0
github.com/filipeandrade6/framer-processor/adapters/storage/awss3/s3.go:41.86,48.16 3 0
github.com/filipeandrade6/framer-processor/adapters/storage/awss3/s3.go:48.16,50.3 1 0
github.com/filipeandrade6/framer-processor/adapters/storage/awss3/s3.go:52.2,52.12 1 0
github.com/filipeandrade6/framer-processor/adapters/storage/awss3/s3.go:55.70,60.16 2 0
github.com/filipeandrade6/framer-processor/adapters/storage/awss3/s3.go:60.16,62.3 1 0
github.com/filipeandrade6/framer-processor/adapters/storage/awss3/s3.go:64.2,64.12 1 0
github.com/filipeandrade6/framer-processor/adapters/file/file.go:14.24,16.2 1 0
github.com/filipeandrade6/framer-processor/adapters/file/file.go:18.74,20.16 2 0
github.com/filipeandrade6/framer-processor/adapters/file/file.go:20.16,23.3 2 0
github.com/filipeandrade6/framer-processor/adapters/file/file.go:25.2,25.18 1 0
github.com/filipeandrade6/framer-processor/adapters/file/file.go:28.98,32.16 3 0
github.com/filipeandrade6/framer-processor/adapters/file/file.go:32.16,35.3 2 0
github.com/filipeandrade6/framer-processor/adapters/file/file.go:36.2,39.16 3 0
github.com/filipeandrade6/framer-processor/adapters/file/file.go:39.16,42.3 2 0
github.com/filipeandrade6/framer-processor/adapters/file/file.go:44.2,44.12 1 0
github.com/filipeandrade6/framer-processor/adapters/file/file.go:47.84,55.16 6 0
github.com/filipeandrade6/framer-processor/adapters/file/file.go:55.16,58.3 2 0
github.com/filipeandrade6/framer-processor/adapters/file/file.go:60.2,61.34 2 0
github.com/filipeandrade6/framer-processor/adapters/file/file.go:61.34,62.45 1 0
github.com/filipeandrade6/framer-processor/adapters/file/file.go:62.45,64.4 1 0
github.com/filipeandrade6/framer-processor/adapters/file/file.go:67.2,67.21 1 0
github.com/filipeandrade6/framer-processor/adapters/file/file.go:67.21,70.3 2 0
github.com/filipeandrade6/framer-processor/adapters/file/file.go:72.2,72.29 1 0
github.com/filipeandrade6/framer-processor/adapters/file/file.go:72.29,74.17 2 0
github.com/filipeandrade6/framer-processor/adapters/file/file.go:74.17,77.4 2 0
github.com/filipeandrade6/framer-processor/adapters/file/file.go:78.3,81.17 3 0
github.com/filipeandrade6/framer-processor/adapters/file/file.go:81.17,84.4 2 0
github.com/filipeandrade6/framer-processor/adapters/file/file.go:86.3,87.17 2 0
github.com/filipeandrade6/framer-processor/adapters/file/file.go:87.17,90.4 2 0
github.com/filipeandrade6/framer-processor/adapters/file/file.go:93.2,93.17 1 0
github.com/filipeandrade6/framer-processor/controllers/awslambda/handler.go:20.101,22.2 1 0
github.com/filipeandrade6/framer-processor/controllers/awslambda/handler.go:24.75,25.41 1 0
github.com/filipeandrade6/framer-processor/controllers/awslambda/handler.go:25.41,30.107 4 0
github.com/filipeandrade6/framer-processor/controllers/awslambda/handler.go:30.107,32.4 1 0
github.com/filipeandrade6/framer-processor/controllers/awslambda/start.go:9.94,12.2 2 0
github.com/filipeandrade6/framer-processor/domain/service/process.go:11.142,12.15 1 1
github.com/filipeandrade6/framer-processor/domain/service/process.go:12.15,16.18 4 1
github.com/filipeandrade6/framer-processor/domain/service/process.go:16.18,19.4 2 1
github.com/filipeandrade6/framer-processor/domain/service/process.go:20.3,20.13 1 1
github.com/filipeandrade6/framer-processor/domain/service/process.go:23.2,23.16 1 1
github.com/filipeandrade6/framer-processor/domain/service/process.go:23.16,27.18 4 1
github.com/filipeandrade6/framer-processor/domain/service/process.go:27.18,30.4 2 1
github.com/filipeandrade6/framer-processor/domain/service/process.go:31.3,31.13 1 1
github.com/filipeandrade6/framer-processor/domain/service/process.go:34.2,35.16 2 1
github.com/filipeandrade6/framer-processor/domain/service/process.go:35.16,39.3 3 1
github.com/filipeandrade6/framer-processor/domain/service/process.go:41.2,42.16 2 1
github.com/filipeandrade6/framer-processor/domain/service/process.go:42.16,46.18 4 1
github.com/filipeandrade6/framer-processor/domain/service/process.go:46.18,49.4 2 1
github.com/filipeandrade6/framer-processor/domain/service/process.go:50.3,50.13 1 1
github.com/filipeandrade6/framer-processor/domain/service/process.go:53.2,54.16 2 1
github.com/filipeandrade6/framer-processor/domain/service/process.go:54.16,58.18 4 1
github.com/filipeandrade6/framer-processor/domain/service/process.go:58.18,61.4 2 1
github.com/filipeandrade6/framer-processor/domain/service/process.go:62.3,62.13 1 1
github.com/filipeandrade6/framer-processor/domain/service/process.go:65.2,66.16 2 1
github.com/filipeandrade6/framer-processor/domain/service/process.go:66.16,70.3 3 1
github.com/filipeandrade6/framer-processor/domain/service/process.go:72.2,73.16 2 1
github.com/filipeandrade6/framer-processor/domain/service/process.go:73.16,77.18 4 1
github.com/filipeandrade6/framer-processor/domain/service/process.go:77.18,80.4 2 1
github.com/filipeandrade6/framer-processor/domain/service/process.go:81.3,81.13 1 1
github.com/filipeandrade6/framer-processor/domain/service/process.go:84.2,85.16 2 1
github.com/filipeandrade6/framer-processor/domain/service/process.go:85.16,89.18 4 1
github.com/filipeandrade6/framer-processor/domain/service/process.go:89.18,92.4 2 1
github.com/filipeandrade6/framer-processor/domain/service/process.go:93.3,93.13 1 1
github.com/filipeandrade6/framer-processor/domain/service/process.go:96.2,97.16 2 1
github.com/filipeandrade6/framer-processor/domain/service/process.go:97.16,101.18 4 1
github.com/filipeandrade6/framer-processor/domain/service/process.go:101.18,104.4 2 1
github.com/filipeandrade6/framer-processor/domain/service/process.go:105.3,105.13 1 1
github.com/filipeandrade6/framer-processor/domain/service/process.go:108.2,109.16 2 1
github.com/filipeandrade6/framer-processor/domain/service/process.go:109.16,113.3 3 1
github.com/filipeandrade6/framer-processor/domain/service/process.go:115.2,116.16 2 1
github.com/filipeandrade6/framer-processor/domain/service/process.go:116.16,120.18 4 1
github.com/filipeandrade6/framer-processor/domain/service/process.go:120.18,123.4 2 1
github.com/filipeandrade6/framer-processor/domain/service/process.go:124.3,124.13 1 1
github.com/filipeandrade6/framer-processor/domain/service/process.go:127.2,127.12 1 1
